2022-05 PLATES 10 MM: NO DATA
2022-07 TMT 10 MM: NO DATA
2022-10 TMT 10 MM: NO DATA
2022-10 TMT 25 MM: delhi=86530 deviates >30%% from peer median 66000
2022-10 ANGLES 75X75X6 MM: NO DATA
2022-10 PLATES 25 MM: NO DATA
2022-12 PLATES 25 MM: NO DATA
2023-01 CHANNELS 150X75 MM: NO DATA
2023-02 CHANNELS 150X75 MM: NO DATA
2023-08 CHANNELS 150X75 MM: mumbai=84206 deviates >30%% from peer median 61580
2023-11 ANGLES 75X75X6 MM: chennai=83630 deviates >30%% from peer median 62800
2024-02 ANGLES 75X75X6 MM: delhi=80770 deviates >30%% from peer median 59990
2024-02 CHANNELS 150X75 MM: chennai=80280 deviates >30%% from peer median 61150
2024-04 CHANNELS 150X75 MM: NO DATA
2024-05 TMT 10 MM: mumbai=86760 deviates >30%% from peer median 65905
2025-02 TMT 25 MM: NO DATA
2025-02 ANGLES 75X75X6 MM: chennai=88210 deviates >30%% from peer median 59260
2025-02 PLATES 25 MM: NO DATA
2025-04 CHANNELS 150X75 MM: NO DATA
2025-04 PLATES 10 MM: NO DATA
2025-05 TMT 10 MM: NO DATA
2025-05 CHANNELS 150X75 MM: NO DATA
2025-06 TMT 10 MM: mumbai=95950 deviates >30%% from peer median 59050
2025-06 CHANNELS 150X75 MM: NO DATA
2025-09 ANGLES 75X75X6 MM: mumbai=75500 deviates >30%% from peer median 55810
2026-01 ANGLES 75X75X6 MM: NO DATA
2026-01 PLATES 10 MM: NO DATA
2026-01 PLATES 25 MM: NO DATA
2026-03 TMT 10 MM: NO DATA
