2026-05-14 16:18:57 Page 13 (2022-07-01): only 1/6 target items found: ['TMT 25 MM']
2026-05-14 16:19:04 Page 14 (2022-07-01): only 0/6 target items found: []
2026-05-14 16:19:11 Page 16 (2022-07-20): only 0/6 target items found: []
2026-05-14 16:19:18 Page 17 (2022-08-01): only 0/6 target items found: []
2026-05-14 16:19:22 Page 18 (2022-08-01): only 0/6 target items found: []
2026-05-14 16:19:27 Page 19 (2022-08-16): only 1/6 target items found: ['ANGLES 75X75X6 MM']
2026-05-14 16:19:30 Page 20 (2022-08-16): only 0/6 target items found: []
2026-05-14 16:19:53 Page 27 (2022-10-15): only 0/6 target items found: []
2026-05-14 16:19:57 Page 28 (2022-10-15): only 0/6 target items found: []
2026-05-14 16:20:33 Page 36 (2022-12-15): only 0/6 target items found: []
2026-05-14 16:20:51 Page 41 (2023-02-01): only 1/6 target items found: ['TMT 25 MM']
2026-05-14 16:20:55 Page 42 (2023-02-01): only 0/6 target items found: []
2026-05-14 16:21:19 Page 50 (2023-04-05): only 0/6 target items found: []
2026-05-14 16:22:59 Page 77: date not found. Head: CARA ACER EK Asa) | JOINT PLANT COMMITTEE | (Constituted by Govt. of India) | An ISO 9001 : 2015 Certified Organisation
2026-05-14 16:23:05 Page 78: date not found. Head: @ G2 | (AR BAN ERI Meat) | JOINT PLANT COMMITTEE | (Constituted by Govt. of India)
2026-05-14 16:27:31 Page 137 (2025-02-19): only 1/6 target items found: ['ANGLES 75X75X6 MM']
2026-05-14 16:27:35 Page 138 (2025-02-19): only 0/6 target items found: []
2026-05-14 16:27:41 Page 140 (2025-03-05): only 0/6 target items found: []
2026-05-14 16:27:56 Page 145 (2025-04-19): only 1/6 target items found: ['PLATES 25 MM']
2026-05-14 16:27:59 Page 146 (2025-04-19): only 0/6 target items found: []
2026-05-14 16:28:02 Page 147: date not found. Head: | . | earwee roe ee sir Cc . | sala waive BMT | ( SIRa LEAT GT THA )
2026-05-14 16:28:05 Page 148 (2025-05-05): only 0/6 target items found: []
2026-05-14 16:28:56 Page 164 (2025-09-01): only 0/6 target items found: []
2026-05-14 16:29:19 Page 172 (2025-11-08): only 0/6 target items found: []
2026-05-14 16:29:36 Page 179 (2028-01-06): only 0/6 target items found: []
2026-05-14 16:29:39 Page 180 (2028-01-06): only 0/6 target items found: []
2026-05-14 16:29:48 Page 183 (2026-02-05): only 0/6 target items found: []
2026-05-14 16:29:51 Page 184 (2026-02-05): only 0/6 target items found: []
2026-05-14 16:29:55 Page 185: date not found. Head: e e | i | ( area wewre ger afsa ) | (Constituted by Govt. of India)
2026-05-14 16:29:58 Page 186 (2026-02-19): only 0/6 target items found: []
2026-05-14 16:30:01 Page 187 (2026-02-19): only 0/6 target items found: []
2026-05-14 16:30:05 Page 188: date not found. Head: e e | WATS. Cae RST | ( area aeert art afer ) | JOINT PLANT COMMITTEE
2026-05-14 16:30:08 Page 189 (2026-03-06): only 0/6 target items found: []
2026-05-14 16:30:12 Page 190 (2026-03-06): only 0/6 target items found: []
2026-05-14 16:30:15 Page 191: date not found. Head: e e | VATS Cae fase | ( ares aearc are afer ) | JOINT PLANT COMMITTEE
2026-05-14 16:30:22 Page 194: date not found. Head: e e | JP} | Cc . | ( area aeare arer afeat )
2026-05-14 16:30:26 Page 195 (2026-04-06): only 0/6 target items found: []
2026-05-14 16:30:29 Page 196 (2026-04-06): only 0/6 target items found: []
2026-05-14 17:42:46 Page 13 (2022-07-01): only 1/6 target items found: ['TMT 25 MM']
2026-05-14 17:42:49 Page 14 (2022-07-01): only 0/6 target items found: []
2026-05-14 17:42:53 Page 16 (2022-07-20): only 0/6 target items found: []
2026-05-14 17:42:56 Page 17 (2022-08-01): only 0/6 target items found: []
2026-05-14 17:42:59 Page 18 (2022-08-01): only 0/6 target items found: []
2026-05-14 17:43:02 Page 19 (2022-08-16): only 1/6 target items found: ['ANGLES 75X75X6 MM']
2026-05-14 17:43:05 Page 20 (2022-08-16): only 0/6 target items found: []
2026-05-14 17:43:21 Page 27 (2022-10-15): only 0/6 target items found: []
2026-05-14 17:43:24 Page 28 (2022-10-15): only 0/6 target items found: []
2026-05-14 17:43:44 Page 36 (2022-12-15): only 0/6 target items found: []
2026-05-14 17:43:56 Page 41 (2023-02-01): only 1/6 target items found: ['TMT 25 MM']
2026-05-14 17:43:59 Page 42 (2023-02-01): only 0/6 target items found: []
2026-05-14 17:44:15 Page 50 (2023-04-05): only 0/6 target items found: []
2026-05-14 17:45:22 Page 77: date not found. Head: CARA ACER EK Asa) | JOINT PLANT COMMITTEE | (Constituted by Govt. of India) | An ISO 9001 : 2015 Certified Organisation
2026-05-14 17:45:24 Page 78: date not found. Head: @ G2 | (AR BAN ERI Meat) | JOINT PLANT COMMITTEE | (Constituted by Govt. of India)
2026-05-14 17:47:59 Page 137 (2025-02-19): only 1/6 target items found: ['ANGLES 75X75X6 MM']
2026-05-14 17:48:02 Page 138 (2025-02-19): only 0/6 target items found: []
2026-05-14 17:48:08 Page 140 (2025-03-05): only 0/6 target items found: []
2026-05-14 17:48:22 Page 145 (2025-04-19): only 1/6 target items found: ['PLATES 25 MM']
2026-05-14 17:48:24 Page 146 (2025-04-19): only 0/6 target items found: []
2026-05-14 17:48:27 Page 147: date not found. Head: | . | earwee roe ee sir Cc . | sala waive BMT | ( SIRa LEAT GT THA )
2026-05-14 17:48:30 Page 148 (2025-05-05): only 0/6 target items found: []
2026-05-14 17:49:13 Page 164 (2025-09-01): only 0/6 target items found: []
2026-05-14 17:49:32 Page 172 (2025-11-08): only 0/6 target items found: []
2026-05-14 17:49:47 Page 179 (2028-01-06): only 0/6 target items found: []
2026-05-14 17:49:49 Page 180 (2028-01-06): only 0/6 target items found: []
2026-05-14 17:49:57 Page 183 (2026-02-05): only 0/6 target items found: []
2026-05-14 17:50:00 Page 184 (2026-02-05): only 0/6 target items found: []
2026-05-14 17:50:03 Page 185: date not found. Head: e e | i | ( area wewre ger afsa ) | (Constituted by Govt. of India)
2026-05-14 17:50:06 Page 186 (2026-02-19): only 0/6 target items found: []
2026-05-14 17:50:09 Page 187 (2026-02-19): only 0/6 target items found: []
2026-05-14 17:50:12 Page 188: date not found. Head: e e | WATS. Cae RST | ( area aeert art afer ) | JOINT PLANT COMMITTEE
2026-05-14 17:50:15 Page 189 (2026-03-06): only 0/6 target items found: []
2026-05-14 17:50:18 Page 190 (2026-03-06): only 0/6 target items found: []
2026-05-14 17:50:21 Page 191: date not found. Head: e e | VATS Cae fase | ( ares aearc are afer ) | JOINT PLANT COMMITTEE
2026-05-14 17:50:27 Page 194: date not found. Head: e e | JP} | Cc . | ( area aeare arer afeat )
2026-05-14 17:50:30 Page 195 (2026-04-06): only 0/6 target items found: []
2026-05-14 17:50:32 Page 196 (2026-04-06): only 0/6 target items found: []
